<?xml version="1.0" encoding="UTF-8"?>
<!-- Generated by org.testng.reporters.JUnitReportReporter -->
<testsuite skipped="0" hostname="Amandeep" name="com.amandeep.testcases.LoginTestCRM" tests="1" failures="0" timestamp="31 Mar 2020 08:42:38 GMT" time="13.853" errors="0">
  <testcase name="loginApp" time="13.853" classname="com.amandeep.testcases.LoginTestCRM"/>
</testsuite> <!-- com.amandeep.testcases.LoginTestCRM -->
