<?xml version="1.0" encoding="UTF-8"?>
<!-- Generated by org.testng.reporters.JUnitReportReporter -->
<testsuite skipped="0" hostname="ICEN235" name="com.amandeep.api.LibraryAPIFromStaticJson" tests="1" failures="0" timestamp="14 May 2020 09:52:38 GMT" time="1.735" errors="0">
  <testcase name="addBook" time="1.735" classname="com.amandeep.api.LibraryAPIFromStaticJson"/>
</testsuite> <!-- com.amandeep.api.LibraryAPIFromStaticJson -->
