<?xml version="1.0" encoding="UTF-8"?>
<!-- Generated by org.testng.reporters.JUnitReportReporter -->
<testsuite skipped="0" hostname="ICEN235" name="com.amandeep.testcases.LoginTestCRM" tests="1" failures="0" timestamp="07 May 2020 09:13:56 GMT" time="4.635" errors="0">
  <testcase name="loginApp" time="4.635" classname="com.amandeep.testcases.LoginTestCRM"/>
</testsuite> <!-- com.amandeep.testcases.LoginTestCRM -->
