<?xml version="1.0" encoding="UTF-8"?>
<!-- Generated by org.testng.reporters.JUnitReportReporter -->
<testsuite hostname="ICEN034" failures="0" tests="1" name="com.amandeep.testcases.TestCaseWithoutFramework" time="15.137" errors="0" timestamp="29 Sep 2020 05:36:52 GMT" skipped="0">
  <testcase classname="com.amandeep.testcases.TestCaseWithoutFramework" name="test1" time="15.137"/>
</testsuite> <!-- com.amandeep.testcases.TestCaseWithoutFramework -->
