<?xml version="1.0" encoding="UTF-8"?>
<!-- Generated by org.testng.reporters.JUnitReportReporter -->
<testsuite hostname="ICEN034" failures="0" tests="1" name="com.amandeep.testcases.LoginTestCRM" time="4.804" errors="0" timestamp="29 Sep 2020 05:06:39 GMT" skipped="0">
  <testcase classname="com.amandeep.testcases.LoginTestCRM" name="loginApp" time="4.804"/>
</testsuite> <!-- com.amandeep.testcases.LoginTestCRM -->
