<?xml version="1.0" encoding="UTF-8"?>
<!-- Generated by org.testng.reporters.JUnitReportReporter -->
<testsuite skipped="0" hostname="ICEN235" name="com.amandeep.api.LibraryAPI" tests="3" failures="0" timestamp="14 May 2020 09:34:37 GMT" time="2.394" errors="0">
  <testcase name="addBook" time="2.050" classname="com.amandeep.api.LibraryAPI"/>
  <testcase name="addBook" time="0.176" classname="com.amandeep.api.LibraryAPI"/>
  <testcase name="addBook" time="0.168" classname="com.amandeep.api.LibraryAPI"/>
</testsuite> <!-- com.amandeep.api.LibraryAPI -->
